ssr_sdk/build/outputs/logs/manifest-merger-debug-report.txt
-- Merging decision tree log ---
manifest
ADDED from src\main\AndroidManifest.xml:2:1-46:12
INJECTED from src\main\AndroidManifest.xml:2:1-46:12
INJECTED from src\main\AndroidManifest.xml:2:1-46:12
INJECTED from src\main\AndroidManifest.xml:2:1-46:12
INJECTED from src\main\AndroidManifest.xml:2:1-46:12
INJECTED from src\main\AndroidManifest.xml:2:1-46:12
INJECTED from src\main\AndroidManifest.xml:2:1-46:12
	package
		ADDED from src\main\AndroidManifest.xml:3:5-37
		INJECTED from src\main\AndroidManifest.xml
		INJECTED from src\main\AndroidManifest.xml
	android:versionName
		INJECTED from src\main\AndroidManifest.xml
		ADDED from src\main\AndroidManifest.xml:2:1-46:12
		INJECTED from src\main\AndroidManifest.xml
	android:versionCode
		INJECTED from src\main\AndroidManifest.xml
		ADDED from src\main\AndroidManifest.xml:2:1-46:12
		INJECTED from src\main\AndroidManifest.xml
	xmlns:android
		ADDED from src\main\AndroidManifest.xml:2:11-69
uses-permission#android.permission.INTERNET
ADDED from src\main\AndroidManifest.xml:5:5-67
	android:name
		ADDED from src\main\AndroidManifest.xml:5:22-64
uses-permission#android.permission.ACCESS_NETWORK_STATE
ADDED from src\main\AndroidManifest.xml:6:5-79
	android:name
		ADDED from src\main\AndroidManifest.xml:6:22-76
uses-permission#android.permission.RECEIVE_BOOT_COMPLETED
ADDED from src\main\AndroidManifest.xml:7:5-81
	android:name
		ADDED from src\main\AndroidManifest.xml:7:22-78
uses-permission#android.permission.NFC
ADDED from src\main\AndroidManifest.xml:8:5-62
	android:name
		ADDED from src\main\AndroidManifest.xml:8:22-59
uses-permission#android.permission.CAMERA
ADDED from src\main\AndroidManifest.xml:9:5-65
	android:name
		ADDED from src\main\AndroidManifest.xml:9:22-62
uses-feature#android.hardware.touchscreen
ADDED from src\main\AndroidManifest.xml:11:5-13:36
	android:required
		ADDED from src\main\AndroidManifest.xml:13:9-33
	android:name
		ADDED from src\main\AndroidManifest.xml:12:9-52
uses-feature#android.hardware.camera
ADDED from src\main\AndroidManifest.xml:14:5-16:36
	android:required
		ADDED from src\main\AndroidManifest.xml:16:9-33
	android:name
		ADDED from src\main\AndroidManifest.xml:15:9-47
uses-feature#android.hardware.nfc
ADDED from src\main\AndroidManifest.xml:17:5-19:36
	android:required
		ADDED from src\main\AndroidManifest.xml:19:9-33
	android:name
		ADDED from src\main\AndroidManifest.xml:18:9-44
uses-feature#android.software.leanback
ADDED from src\main\AndroidManifest.xml:20:5-22:36
	android:required
		ADDED from src\main\AndroidManifest.xml:22:9-33
	android:name
		ADDED from src\main\AndroidManifest.xml:21:9-49
uses-permission#android.permission.WRITE_EXTERNAL_STORAGE
ADDED from src\main\AndroidManifest.xml:24:5-81
	android:name
		ADDED from src\main\AndroidManifest.xml:24:22-78
uses-permission#android.permission.READ_PHONE_STATE
ADDED from src\main\AndroidManifest.xml:25:5-75
	android:name
		ADDED from src\main\AndroidManifest.xml:25:22-72
uses-permission#android.permission.READ_EXTERNAL_STORAGE
ADDED from src\main\AndroidManifest.xml:26:5-80
	android:name
		ADDED from src\main\AndroidManifest.xml:26:22-77
application
ADDED from src\main\AndroidManifest.xml:28:5-44:19
	android:supportsRtl
		ADDED from src\main\AndroidManifest.xml:31:9-35
	android:label
		ADDED from src\main\AndroidManifest.xml:30:9-41
	android:allowBackup
		ADDED from src\main\AndroidManifest.xml:29:9-35
activity#com.github.shadowsocks.ShadowsocksRunnerActivity
ADDED from src\main\AndroidManifest.xml:32:9-63
	android:name
		ADDED from src\main\AndroidManifest.xml:32:19-60
activity#com.github.shadowsocks.Shadowsocks
ADDED from src\main\AndroidManifest.xml:33:9-35:52
	android:theme
		ADDED from src\main\AndroidManifest.xml:34:13-61
	android:name
		ADDED from src\main\AndroidManifest.xml:35:13-40
service#com.github.shadowsocks.ShadowsocksVpnService
ADDED from src\main\AndroidManifest.xml:37:9-43:19
	android:permission
		ADDED from src\main\AndroidManifest.xml:38:13-69
	android:name
		ADDED from src\main\AndroidManifest.xml:39:13-50
intent-filter#action:name:android.net.VpnService
ADDED from src\main\AndroidManifest.xml:40:13-42:29
action#android.net.VpnService
ADDED from src\main\AndroidManifest.xml:41:17-65
	android:name
		ADDED from src\main\AndroidManifest.xml:41:25-62
uses-sdk
INJECTED from src\main\AndroidManifest.xml reason: use-sdk injection requested
INJECTED from src\main\AndroidManifest.xml
INJECTED from src\main\AndroidManifest.xml
INJECTED from src\main\AndroidManifest.xml
INJECTED from src\main\AndroidManifest.xml
	android:targetSdkVersion
		INJECTED from src\main\AndroidManifest.xml
		ADDED from src\main\AndroidManifest.xml
		INJECTED from src\main\AndroidManifest.xml
	android:minSdkVersion
		INJECTED from src\main\AndroidManifest.xml
		ADDED from src\main\AndroidManifest.xml
		INJECTED from src\main\AndroidManifest.xml